Mon Jun 10 2024 10:14:26 [RAZCO-FOOD] info: [32m♻️  Database connected successfully[39m
Mon Jun 10 2024 10:14:26 [RAZCO-FOOD] info: [1m[33m📢 Application Running on port:5000[39m[22m
Mon Jun 10 2024 10:15:54 [RAZCO-FOOD] info: [32m♻️  Database connected successfully[39m
Mon Jun 10 2024 10:15:54 [RAZCO-FOOD] info: [1m[33m📢 Application Running on port:5000[39m[22m
Mon Jun 10 2024 10:17:26 [RAZCO-FOOD] info: [32m♻️  Database connected successfully[39m
Mon Jun 10 2024 10:17:26 [RAZCO-FOOD] info: [1m[33m📢 Application Running on port:5000[39m[22m
Mon Jun 10 2024 10:17:28 [RAZCO-FOOD] info: ::ffff:192.168.10.16 - GET /api/v1/product/highest-price 200 - 16.990 ms
Mon Jun 10 2024 10:18:51 [RAZCO-FOOD] info: [32m♻️  Database connected successfully[39m
Mon Jun 10 2024 10:18:51 [RAZCO-FOOD] info: [1m[33m📢 Application Running on port:5000[39m[22m
Mon Jun 10 2024 10:19:32 [RAZCO-FOOD] info: [32m♻️  Database connected successfully[39m
Mon Jun 10 2024 10:19:32 [RAZCO-FOOD] info: [1m[33m📢 Application Running on port:5000[39m[22m
Mon Jun 10 2024 10:19:39 [RAZCO-FOOD] info: ::ffff:192.168.10.16 - GET /api/v1/product/highest-price 200 - 11.277 ms
Mon Jun 10 2024 10:20:14 [RAZCO-FOOD] info: [32m♻️  Database connected successfully[39m
Mon Jun 10 2024 10:20:14 [RAZCO-FOOD] info: [1m[33m📢 Application Running on port:5000[39m[22m
Mon Jun 10 2024 10:21:35 [RAZCO-FOOD] info: [32m♻️  Database connected successfully[39m
Mon Jun 10 2024 10:21:35 [RAZCO-FOOD] info: [1m[33m📢 Application Running on port:5000[39m[22m
Mon Jun 10 2024 10:21:36 [RAZCO-FOOD] info: ::ffff:192.168.10.16 - GET /api/v1/product/highest-price 200 - 13.522 ms
Mon Jun 10 2024 10:24:49 [RAZCO-FOOD] info: [32m♻️  Database connected successfully[39m
Mon Jun 10 2024 10:24:49 [RAZCO-FOOD] info: [1m[33m📢 Application Running on port:5000[39m[22m
Mon Jun 10 2024 10:24:52 [RAZCO-FOOD] info: [32m♻️  Database connected successfully[39m
Mon Jun 10 2024 10:24:52 [RAZCO-FOOD] info: [1m[33m📢 Application Running on port:5000[39m[22m
Mon Jun 10 2024 10:26:38 [RAZCO-FOOD] info: ::ffff:192.168.10.16 - GET /api/v1/product/highest-price 200 - 12.914 ms
Mon Jun 10 2024 10:29:2 [RAZCO-FOOD] info: [32m♻️  Database connected successfully[39m
Mon Jun 10 2024 10:29:2 [RAZCO-FOOD] info: [1m[33m📢 Application Running on port:5000[39m[22m
Mon Jun 10 2024 10:29:8 [RAZCO-FOOD] info: [32m♻️  Database connected successfully[39m
Mon Jun 10 2024 10:29:8 [RAZCO-FOOD] info: [1m[33m📢 Application Running on port:5000[39m[22m
Mon Jun 10 2024 10:29:28 [RAZCO-FOOD] info: [32m♻️  Database connected successfully[39m
Mon Jun 10 2024 10:29:28 [RAZCO-FOOD] info: [1m[33m📢 Application Running on port:5000[39m[22m
Mon Jun 10 2024 10:29:30 [RAZCO-FOOD] info: ::ffff:192.168.10.16 - GET /api/v1/product/highest-price 200 - 8.275 ms
Mon Jun 10 2024 10:29:57 [RAZCO-FOOD] info: [32m♻️  Database connected successfully[39m
Mon Jun 10 2024 10:29:57 [RAZCO-FOOD] info: [1m[33m📢 Application Running on port:5000[39m[22m
Mon Jun 10 2024 10:30:5 [RAZCO-FOOD] info: [32m♻️  Database connected successfully[39m
Mon Jun 10 2024 10:30:5 [RAZCO-FOOD] info: [1m[33m📢 Application Running on port:5000[39m[22m
Mon Jun 10 2024 10:30:18 [RAZCO-FOOD] info: [32m♻️  Database connected successfully[39m
Mon Jun 10 2024 10:30:18 [RAZCO-FOOD] info: [1m[33m📢 Application Running on port:5000[39m[22m
Mon Jun 10 2024 10:30:22 [RAZCO-FOOD] info: ::ffff:192.168.10.16 - GET /api/v1/product/highest-price 200 - 6.335 ms
Mon Jun 10 2024 10:30:57 [RAZCO-FOOD] info: [32m♻️  Database connected successfully[39m
Mon Jun 10 2024 10:30:57 [RAZCO-FOOD] info: [1m[33m📢 Application Running on port:5000[39m[22m
Mon Jun 10 2024 10:31:8 [RAZCO-FOOD] info: ::ffff:192.168.10.102 - POST /api/v1/auth/login 200 - 223.071 ms
Mon Jun 10 2024 10:31:22 [RAZCO-FOOD] info: ::ffff:192.168.10.102 - GET /api/v1/product/highest-price 200 - 3.512 ms
Mon Jun 10 2024 10:31:28 [RAZCO-FOOD] info: ::ffff:192.168.10.102 - GET /api/v1/product/highest-price 200 - 2.243 ms
Mon Jun 10 2024 10:31:29 [RAZCO-FOOD] info: ::ffff:192.168.10.102 - GET /api/v1/product/highest-price 200 - 2.063 ms
Mon Jun 10 2024 10:38:30 [RAZCO-FOOD] info: [32m♻️  Database connected successfully[39m
Mon Jun 10 2024 10:38:30 [RAZCO-FOOD] info: [1m[33m📢 Application Running on port:5000[39m[22m
Mon Jun 10 2024 10:38:37 [RAZCO-FOOD] info: [32m♻️  Database connected successfully[39m
Mon Jun 10 2024 10:38:37 [RAZCO-FOOD] info: [1m[33m📢 Application Running on port:5000[39m[22m
Mon Jun 10 2024 10:38:53 [RAZCO-FOOD] info: [32m♻️  Database connected successfully[39m
Mon Jun 10 2024 10:38:53 [RAZCO-FOOD] info: [1m[33m📢 Application Running on port:5000[39m[22m
Mon Jun 10 2024 10:38:59 [RAZCO-FOOD] info: [32m♻️  Database connected successfully[39m
Mon Jun 10 2024 10:38:59 [RAZCO-FOOD] info: [1m[33m📢 Application Running on port:5000[39m[22m
Mon Jun 10 2024 10:42:43 [RAZCO-FOOD] info: ::ffff:192.168.10.16 - POST /api/v1/rules/contact 200 - 21.150 ms
Mon Jun 10 2024 10:45:23 [RAZCO-FOOD] info: [32m♻️  Database connected successfully[39m
Mon Jun 10 2024 10:45:23 [RAZCO-FOOD] info: [1m[33m📢 Application Running on port:5000[39m[22m
Mon Jun 10 2024 10:45:28 [RAZCO-FOOD] info: [32m♻️  Database connected successfully[39m
Mon Jun 10 2024 10:45:28 [RAZCO-FOOD] info: [1m[33m📢 Application Running on port:5000[39m[22m
Mon Jun 10 2024 10:47:43 [RAZCO-FOOD] info: [32m♻️  Database connected successfully[39m
Mon Jun 10 2024 10:47:43 [RAZCO-FOOD] info: [1m[33m📢 Application Running on port:5000[39m[22m
Mon Jun 10 2024 10:49:7 [RAZCO-FOOD] info: [32m♻️  Database connected successfully[39m
Mon Jun 10 2024 10:49:7 [RAZCO-FOOD] info: [1m[33m📢 Application Running on port:5000[39m[22m
Mon Jun 10 2024 10:49:13 [RAZCO-FOOD] info: [32m♻️  Database connected successfully[39m
Mon Jun 10 2024 10:49:13 [RAZCO-FOOD] info: [1m[33m📢 Application Running on port:5000[39m[22m
Mon Jun 10 2024 10:49:25 [RAZCO-FOOD] info: [32m♻️  Database connected successfully[39m
Mon Jun 10 2024 10:49:25 [RAZCO-FOOD] info: [1m[33m📢 Application Running on port:5000[39m[22m
Mon Jun 10 2024 10:51:59 [RAZCO-FOOD] info: [32m♻️  Database connected successfully[39m
Mon Jun 10 2024 10:51:59 [RAZCO-FOOD] info: [1m[33m📢 Application Running on port:5000[39m[22m
Mon Jun 10 2024 10:53:30 [RAZCO-FOOD] info: [32m♻️  Database connected successfully[39m
Mon Jun 10 2024 10:53:30 [RAZCO-FOOD] info: [1m[33m📢 Application Running on port:5000[39m[22m
Mon Jun 10 2024 10:53:33 [RAZCO-FOOD] info: [32m♻️  Database connected successfully[39m
Mon Jun 10 2024 10:53:33 [RAZCO-FOOD] info: [1m[33m📢 Application Running on port:5000[39m[22m
Mon Jun 10 2024 10:54:8 [RAZCO-FOOD] info: [32m♻️  Database connected successfully[39m
Mon Jun 10 2024 10:54:8 [RAZCO-FOOD] info: [1m[33m📢 Application Running on port:5000[39m[22m
Mon Jun 10 2024 10:54:20 [RAZCO-FOOD] info: [32m♻️  Database connected successfully[39m
Mon Jun 10 2024 10:54:20 [RAZCO-FOOD] info: [1m[33m📢 Application Running on port:5000[39m[22m
Mon Jun 10 2024 10:55:5 [RAZCO-FOOD] info: [32m♻️  Database connected successfully[39m
Mon Jun 10 2024 10:55:5 [RAZCO-FOOD] info: [1m[33m📢 Application Running on port:5000[39m[22m
Mon Jun 10 2024 10:55:8 [RAZCO-FOOD] info: ::ffff:192.168.10.16 - POST /api/v1/rules/contact 200 - 12.857 ms
Mon Jun 10 2024 10:55:41 [RAZCO-FOOD] info: MAIL SEND SUCCESSFULLY
Mon Jun 10 2024 10:56:11 [RAZCO-FOOD] info: [32m♻️  Database connected successfully[39m
Mon Jun 10 2024 10:56:11 [RAZCO-FOOD] info: [1m[33m📢 Application Running on port:5000[39m[22m
Mon Jun 10 2024 10:56:41 [RAZCO-FOOD] info: [32m♻️  Database connected successfully[39m
Mon Jun 10 2024 10:56:41 [RAZCO-FOOD] info: [1m[33m📢 Application Running on port:5000[39m[22m
Mon Jun 10 2024 10:56:50 [RAZCO-FOOD] info: [32m♻️  Database connected successfully[39m
Mon Jun 10 2024 10:56:50 [RAZCO-FOOD] info: [1m[33m📢 Application Running on port:5000[39m[22m
Mon Jun 10 2024 10:56:58 [RAZCO-FOOD] info: ::ffff:192.168.10.16 - POST /api/v1/rules/contact 200 - 13.116 ms
Mon Jun 10 2024 10:57:32 [RAZCO-FOOD] info: MAIL SEND SUCCESSFULLY
